C51 COMPILER V9.54   UART                                                                  11/27/2020 18:39:26 PAGE 1   


C51 COMPILER V9.54, COMPILATION OF MODULE UART
OBJECT MODULE PLACED IN uart.OBJ
COMPILER INVOKED BY: D:\Program Files SSD\Keil5\C51\BIN\C51.EXE uart.c OPTIMIZE(8,SPEED) BROWSE DEBUG OBJECTEXTEND TABS(
                    -2)

line level    source

   1          #include "uart.h"
   2          
   3          //unsigned char RX_Buffer[30];
   4          unsigned char Num = 0;
   5          bit Flag_Receive_OK = 0;
   6          
   7          void Uart_Init()                     
   8          {
   9   1        PCON &= 0x7F;   //
  10   1        SCON = 0x50;    //
  11   1        TMOD &= 0x0F;   //
  12   1        TMOD |= 0x20;   //
  13   1        TL1 = 0xFD;     //
  14   1        TH1 = 0xFD;     //
  15   1        ET1 = 0;        //
  16   1        TR1 = 1;        //
  17   1        ES  = 1;
  18   1      }
  19          


MODULE INFORMATION:   STATIC OVERLAYABLE
   CODE SIZE        =     25    ----
   CONSTANT SIZE    =   ----    ----
   XDATA SIZE       =   ----    ----
   PDATA SIZE       =   ----    ----
   DATA SIZE        =      1    ----
   IDATA SIZE       =   ----    ----
   BIT SIZE         =      1    ----
END OF MODULE INFORMATION.


C51 COMPILATION COMPLETE.  0 WARNING(S),  0 ERROR(S)
